<?xml version="1.0" encoding="UTF-8"?>
<!-- Generated by org.testng.reporters.JUnitXMLReporter -->
<testsuite ignored="0" hostname="L3505101530" failures="0" tests="4" name="Default test" time="6.612" errors="0" timestamp="2023-03-16T08:25:32 CET">
  <testcase classname="newpackage.MyClass" name="chooseValues" time="0.624"/>
  <testcase classname="newpackage.MyClass" name="doubleClickTest" time="0.515"/>
  <testcase classname="newpackage.MyClass" name="dragAndDropTest" time="2.177"/>
  <testcase classname="newpackage.MyClass" name="fillTheForm" time="0.77"/>
</testsuite> <!-- Default test -->
