<?xml version="1.0" encoding="UTF-8"?>
<testng-results ignored="0" total="4" passed="4" failed="0" skipped="0">
  <reporter-output>
  </reporter-output>
  <suite started-at="2023-03-16T08:25:25 CET" name="Default suite" finished-at="2023-03-16T08:25:32 CET" duration-ms="6612">
    <groups>
    </groups>
    <test started-at="2023-03-16T08:25:25 CET" name="Default test" finished-at="2023-03-16T08:25:32 CET" duration-ms="6612">
      <class name="newpackage.MyClass">
        <test-method is-config="true" signature="setUp()[pri:0, instance:newpackage.MyClass@7103ab0]" started-at="2023-03-16T08:25:25 CET" name="setUp" finished-at="2023-03-16T08:25:28 CET" duration-ms="2495" status="PASS">
          <reporter-output>
          </reporter-output>
        </test-method> <!-- setUp -->
        <test-method signature="chooseValues()[pri:0, instance:newpackage.MyClass@7103ab0]" started-at="2023-03-16T08:25:28 CET" name="chooseValues" finished-at="2023-03-16T08:25:29 CET" duration-ms="624" status="PASS">
          <reporter-output>
          </reporter-output>
        </test-method> <!-- chooseValues -->
        <test-method signature="doubleClickTest()[pri:0, instance:newpackage.MyClass@7103ab0]" started-at="2023-03-16T08:25:29 CET" name="doubleClickTest" finished-at="2023-03-16T08:25:29 CET" duration-ms="515" status="PASS">
          <reporter-output>
          </reporter-output>
        </test-method> <!-- doubleClickTest -->
        <test-method signature="dragAndDropTest()[pri:0, instance:newpackage.MyClass@7103ab0]" started-at="2023-03-16T08:25:29 CET" name="dragAndDropTest" finished-at="2023-03-16T08:25:31 CET" duration-ms="2177" status="PASS">
          <reporter-output>
          </reporter-output>
        </test-method> <!-- dragAndDropTest -->
        <test-method signature="fillTheForm()[pri:0, instance:newpackage.MyClass@7103ab0]" started-at="2023-03-16T08:25:31 CET" name="fillTheForm" finished-at="2023-03-16T08:25:32 CET" duration-ms="770" status="PASS">
          <reporter-output>
          </reporter-output>
        </test-method> <!-- fillTheForm -->
        <test-method is-config="true" signature="tearDown()[pri:0, instance:newpackage.MyClass@7103ab0]" started-at="2023-03-16T08:25:32 CET" name="tearDown" finished-at="2023-03-16T08:25:32 CET" duration-ms="0" status="PASS">
          <reporter-output>
          </reporter-output>
        </test-method> <!-- tearDown -->
      </class> <!-- newpackage.MyClass -->
    </test> <!-- Default test -->
  </suite> <!-- Default suite -->
</testng-results>
